C:\USERS\ADAM\DOCUMENTS\GITHUB\PENGUIN_RPG\DEBUG\PENGUIN_RPG.EXE
C:\USERS\ADAM\DOCUMENTS\GITHUB\PENGUIN_RPG\DEBUG\PENGUIN_RPG.ILK
C:\USERS\ADAM\DOCUMENTS\GITHUB\PENGUIN_RPG\DEBUG\PENGUIN_RPG.PDB
C:\Users\Adam\Documents\GitHub\Penguin_RPG\Penguin_RPG\Debug\cl.command.1.tlog
C:\Users\Adam\Documents\GitHub\Penguin_RPG\Penguin_RPG\Debug\CL.read.1.tlog
C:\Users\Adam\Documents\GitHub\Penguin_RPG\Penguin_RPG\Debug\CL.write.1.tlog
C:\Users\Adam\Documents\GitHub\Penguin_RPG\Penguin_RPG\Debug\link.command.1.tlog
C:\Users\Adam\Documents\GitHub\Penguin_RPG\Penguin_RPG\Debug\link.read.1.tlog
C:\Users\Adam\Documents\GitHub\Penguin_RPG\Penguin_RPG\Debug\link.write.1.tlog
C:\USERS\ADAM\DOCUMENTS\GITHUB\PENGUIN_RPG\PENGUIN_RPG\DEBUG\MAIN.OBJ
C:\Users\Adam\Documents\GitHub\Penguin_RPG\Penguin_RPG\Debug\mt.command.1.tlog
C:\Users\Adam\Documents\GitHub\Penguin_RPG\Penguin_RPG\Debug\mt.read.1.tlog
C:\Users\Adam\Documents\GitHub\Penguin_RPG\Penguin_RPG\Debug\mt.write.1.tlog
C:\USERS\ADAM\DOCUMENTS\GITHUB\PENGUIN_RPG\PENGUIN_RPG\DEBUG\PENGUIN_RPG.EXE.INTERMEDIATE.MANIFEST
C:\Users\Adam\Documents\GitHub\Penguin_RPG\Penguin_RPG\Debug\Penguin_RPG.vcxprojResolveAssemblyReference.cache
C:\Users\Adam\Documents\GitHub\Penguin_RPG\Penguin_RPG\Debug\Penguin_RPG.write.1.tlog
C:\Users\Adam\Documents\GitHub\Penguin_RPG\Penguin_RPG\Debug\vc100.idb
C:\USERS\ADAM\DOCUMENTS\GITHUB\PENGUIN_RPG\PENGUIN_RPG\DEBUG\VC100.PDB
C:\USERS\ADAM\DOCUMENTS\VISUAL STUDIO 2010\PROJECTS\PENGUIN_RPG\DEBUG\PENGUIN_RPG.EXE
C:\USERS\ADAM\DOCUMENTS\VISUAL STUDIO 2010\PROJECTS\PENGUIN_RPG\DEBUG\PENGUIN_RPG.ILK
C:\USERS\ADAM\DOCUMENTS\VISUAL STUDIO 2010\PROJECTS\PENGUIN_RPG\DEBUG\PENGUIN_RPG.PDB
C:\USERS\ADAM\DOCUMENTS\VISUAL STUDIO 2010\PROJECTS\PENGUIN_RPG\PENGUIN_RPG\DEBUG\MAIN.OBJ
C:\USERS\ADAM\DOCUMENTS\VISUAL STUDIO 2010\PROJECTS\PENGUIN_RPG\PENGUIN_RPG\DEBUG\PENGUIN_RPG.EXE.INTERMEDIATE.MANIFEST
C:\USERS\ADAM\DOCUMENTS\VISUAL STUDIO 2010\PROJECTS\PENGUIN_RPG\PENGUIN_RPG\DEBUG\VC100.PDB
