Build started 23/03/2015 21:29:52.
     1>Project "C:\Users\Adam\Documents\Visual Studio 2010\Projects\Penguin_RPG\Penguin_RPG\Penguin_RPG.vcxproj" on node 2 (build target(s)).
     1>InitializeBuildStatus:
         Touching "Debug\Penguin_RPG.unsuccessfulbuild".
       ClCompile:
         c:\Program Files (x86)\Microsoft Visual Studio 10.0\VC\bin\CL.exe /c /ZI /nologo /W3 /WX- /Od /Oy- /D _MBCS /Gm /EHsc /RTC1 /MDd /GS /fp:precise /Zc:wchar_t /Zc:forScope /Fo"Debug\\" /Fd"Debug\vc100.pdb" /Gd /TP /analyze- /errorReport:prompt main.cpp
         main.cpp
     1>c:\users\adam\documents\visual studio 2010\projects\penguin_rpg\penguin_rpg\dialogue.hpp(53): warning C4018: '<=' : signed/unsigned mismatch
     1>c:\users\adam\documents\visual studio 2010\projects\penguin_rpg\penguin_rpg\main.cpp(19): warning C4244: 'argument' : conversion from 'time_t' to 'unsigned int', possible loss of data
     1>c:\users\adam\documents\visual studio 2010\projects\penguin_rpg\penguin_rpg\inventory.hpp(212): warning C4715: 'Inventory::print_items' : not all control paths return a value
     1>c:\users\adam\documents\visual studio 2010\projects\penguin_rpg\penguin_rpg\inventory.hpp(233): warning C4715: 'Inventory::print_weapons' : not all control paths return a value
     1>c:\users\adam\documents\visual studio 2010\projects\penguin_rpg\penguin_rpg\inventory.hpp(254): warning C4715: 'Inventory::print_armours' : not all control paths return a value
       Link:
         c:\Program Files (x86)\Microsoft Visual Studio 10.0\VC\bin\link.exe /ERRORREPORT:PROMPT /OUT:"C:\Users\Adam\Documents\Visual Studio 2010\Projects\Penguin_RPG\Debug\Penguin_RPG.exe" /NOLOGO kernel32.lib user32.lib gdi32.lib winspool.lib comdlg32.lib advapi32.lib shell32.lib ole32.lib oleaut32.lib uuid.lib odbc32.lib odbccp32.lib /MANIFEST /ManifestFile:"Debug\Penguin_RPG.exe.intermediate.manifest" /MANIFESTUAC:"level='asInvoker' uiAccess='false'" /DEBUG /PDB:"C:\Users\Adam\Documents\Visual Studio 2010\Projects\Penguin_RPG\Debug\Penguin_RPG.pdb" /TLBID:1 /DYNAMICBASE /NXCOMPAT /IMPLIB:"C:\Users\Adam\Documents\Visual Studio 2010\Projects\Penguin_RPG\Debug\Penguin_RPG.lib" /MACHINE:X86 Debug\main.obj
         LINK : C:\Users\Adam\Documents\Visual Studio 2010\Projects\Penguin_RPG\Debug\Penguin_RPG.exe not found or not built by the last incremental link; performing full link
         Penguin_RPG.vcxproj -> C:\Users\Adam\Documents\Visual Studio 2010\Projects\Penguin_RPG\Debug\Penguin_RPG.exe
       Manifest:
         C:\Program Files (x86)\Microsoft SDKs\Windows\v7.0A\bin\mt.exe /nologo /verbose /outputresource:"C:\Users\Adam\Documents\Visual Studio 2010\Projects\Penguin_RPG\Debug\Penguin_RPG.exe;#1" /manifest Debug\Penguin_RPG.exe.intermediate.manifest
       FinalizeBuildStatus:
         Deleting file "Debug\Penguin_RPG.unsuccessfulbuild".
         Touching "Debug\Penguin_RPG.lastbuildstate".
     1>Done Building Project "C:\Users\Adam\Documents\Visual Studio 2010\Projects\Penguin_RPG\Penguin_RPG\Penguin_RPG.vcxproj" (build target(s)).

Build succeeded.

Time Elapsed 00:00:02.18
